Fra:74 Mem:1219.85M (Peak 1568.91M) | Time:00:00.56 | Mem:0.00M, Peak:0.00M | Scene, RenderLayer | Synchronizing object | rangerover0
Fra:74 Mem:1219.85M (Peak 1568.91M) | Time:00:00.56 | Mem:0.00M, Peak:0.00M | Scene, RenderLayer | Synchronizing object | redrace4
Fra:74 Mem:1242.07M (Peak 1568.91M) | Time:00:00.56 | Mem:0.00M, Peak:0.00M | Scene, RenderLayer | Synchronizing object | redrace5
Fra:74 Mem:1242.23M (Peak 1568.91M) | Time:00:00.56 | Mem:0.00M, Peak:0.00M | Scene, RenderLayer | Synchronizing object | redrace0
Fra:74 Mem:1242.37M (Peak 1568.91M) | Time:00:00.56 | Mem:0.00M, Peak:0.00M | Scene, RenderLayer | Synchronizing object | test
Fra:74 Mem:1242.38M (Peak 1568.91M) | Time:00:00.56 | Mem:0.00M, Peak:0.00M | Scene, RenderLayer | Synchronizing object | 0000000187
Fra:74 Mem:1242.40M (Peak 1568.91M) | Time:00:00.56 | Mem:0.00M, Peak:0.00M | Scene, RenderLayer | Synchronizing object | 0000000186
Fra:74 Mem:1242.40M (Peak 1568.91M) | Time:00:00.56 | Mem:0.00M, Peak:0.00M | Scene, RenderLayer | Synchronizing object | 0000000185
Fra:74 Mem:1242.39M (Peak 1568.91M) | Time:00:00.56 | Mem:0.00M, Peak:0.00M | Scene, RenderLayer | Synchronizing object | 0000000184
Fra:74 Mem:1242.39M (Peak 1568.91M) | Time:00:00.56 | Mem:0.00M, Peak:0.00M | Scene, RenderLayer | Synchronizing object | 0000000183
Fra:74 Mem:1242.40M (Peak 1568.91M) | Time:00:00.56 | Mem:0.00M, Peak:0.00M | Scene, RenderLayer | Synchronizing object | 0000000182
Fra:74 Mem:1242.51M (Peak 1568.91M) | Time:00:00.56 | Mem:0.00M, Peak:0.00M | Scene, RenderLayer | Synchronizing object | 0000000181
Fra:74 Mem:1242.80M (Peak 1568.91M) | Time:00:00.56 | Mem:0.00M, Peak:0.00M | Scene, RenderLayer | Synchronizing object | 0000000180
Fra:74 Mem:1242.80M (Peak 1568.91M) | Time:00:00.56 | Mem:0.00M, Peak:0.00M | Scene, RenderLayer | Synchronizing object | 0000000179
Fra:74 Mem:1242.91M (Peak 1568.91M) | Time:00:00.56 | Mem:0.00M, Peak:0.00M | Scene, RenderLayer | Synchronizing object | greenrace1
Fra:74 Mem:1243.97M (Peak 1568.91M) | Time:00:00.56 | Mem:0.00M, Peak:0.00M | Scene, RenderLayer | Synchronizing object | 0000000178
Fra:74 Mem:1245.07M (Peak 1568.91M) | Time:00:00.56 | Mem:0.00M, Peak:0.00M | Scene, RenderLayer | Synchronizing object | 0000000177
Fra:74 Mem:1245.07M (Peak 1568.91M) | Time:00:00.56 | Mem:0.00M, Peak:0.00M | Scene, RenderLayer | Synchronizing object | 0000000176
Fra:74 Mem:1246.53M (Peak 1568.91M) | Time:00:00.56 | Mem:0.00M, Peak:0.00M | Scene, RenderLayer | Synchronizing object | 0000000175
Fra:74 Mem:1246.53M (Peak 1568.91M) | Time:00:00.56 | Mem:0.00M, Peak:0.00M | Scene, RenderLayer | Synchronizing object | 0000000174
Fra:74 Mem:1246.53M (Peak 1568.91M) | Time:00:00.56 | Mem:0.00M, Peak:0.00M | Scene, RenderLayer | Synchronizing object | 0000000173
Fra:74 Mem:1246.53M (Peak 1568.91M) | Time:00:00.56 | Mem:0.00M, Peak:0.00M | Scene, RenderLayer | Synchronizing object | 0000000172
Fra:74 Mem:1247.00M (Peak 1568.91M) | Time:00:00.56 | Mem:0.00M, Peak:0.00M | Scene, RenderLayer | Synchronizing object | 0000000171
Fra:74 Mem:1247.93M (Peak 1568.91M) | Time:00:00.56 | Mem:0.00M, Peak:0.00M | Scene, RenderLayer | Synchronizing object | 0000000170
Fra:74 Mem:1247.93M (Peak 1568.91M) | Time:00:00.56 | Mem:0.00M, Peak:0.00M | Scene, RenderLayer | Synchronizing object | 0000000169
Fra:74 Mem:1247.93M (Peak 1568.91M) | Time:00:00.56 | Mem:0.00M, Peak:0.00M | Scene, RenderLayer | Synchronizing object | 0000000168
Fra:74 Mem:1248.39M (Peak 1568.91M) | Time:00:00.56 | Mem:0.00M, Peak:0.00M | Scene, RenderLayer | Synchronizing object | 0000000167
Fra:74 Mem:1248.54M (Peak 1568.91M) | Time:00:00.56 | Mem:0.00M, Peak:0.00M | Scene, RenderLayer | Synchronizing object | 0000000166
Fra:74 Mem:1249.01M (Peak 1568.91M) | Time:00:00.56 | Mem:0.00M, Peak:0.00M | Scene, RenderLayer | Synchronizing object | 0000000165
Fra:74 Mem:1249.05M (Peak 1568.91M) | Time:00:00.56 | Mem:0.00M, Peak:0.00M | Scene, RenderLayer | Synchronizing object | 0000000164
Fra:74 Mem:1249.05M (Peak 1568.91M) | Time:00:00.56 | Mem:0.00M, Peak:0.00M | Scene, RenderLayer | Synchronizing object | 0000000163
Fra:74 Mem:1250.90M (Peak 1568.91M) | Time:00:00.56 | Mem:0.00M, Peak:0.00M | Scene, RenderLayer | Synchronizing object | 0000000162
Fra:74 Mem:1250.90M (Peak 1568.91M) | Time:00:00.56 | Mem:0.00M, Peak:0.00M | Scene, RenderLayer | Synchronizing object | 0000000161
Fra:74 Mem:1250.90M (Peak 1568.91M) | Time:00:00.56 | Mem:0.00M, Peak:0.00M | Scene, RenderLayer | Synchronizing object | 0000000160
Fra:74 Mem:1250.90M (Peak 1568.91M) | Time:00:00.56 | Mem:0.00M, Peak:0.00M | Scene, RenderLayer | Synchronizing object | 0000000159
Fra:74 Mem:1250.90M (Peak 1568.91M) | Time:00:00.56 | Mem:0.00M, Peak:0.00M | Scene, RenderLayer | Synchronizing object | 0000000158
Fra:74 Mem:1250.90M (Peak 1568.91M) | Time:00:00.56 | Mem:0.00M, Peak:0.00M | Scene, RenderLayer | Synchronizing object | 0000000157
Fra:74 Mem:1250.90M (Peak 1568.91M) | Time:00:00.56 | Mem:0.00M, Peak:0.00M | Scene, RenderLayer | Synchronizing object | 0000000156
Fra:74 Mem:1263.65M (Peak 1568.91M) | Time:00:00.56 | Mem:0.00M, Peak:0.00M | Scene, RenderLayer | Synchronizing object | 0000000155
Fra:74 Mem:1263.65M (Peak 1568.91M) | Time:00:00.56 | Mem:0.00M, Peak:0.00M | Scene, RenderLayer | Synchronizing object | 0000000154
Fra:74 Mem:1263.65M (Peak 1568.91M) | Time:00:00.56 | Mem:0.00M, Peak:0.00M | Scene, RenderLayer | Synchronizing object | 0000000153
Fra:74 Mem:1263.65M (Peak 1568.91M) | Time:00:00.56 | Mem:0.00M, Peak:0.00M | Scene, RenderLayer | Synchronizing object | 0000000152
Fra:74 Mem:1263.65M (Peak 1568.91M) | Time:00:00.56 | Mem:0.00M, Peak:0.00M | Scene, RenderLayer | Synchronizing object | 0000000151
Fra:74 Mem:1263.65M (Peak 1568.91M) | Time:00:00.56 | Mem:0.00M, Peak:0.00M | Scene, RenderLayer | Synchronizing object | 0000000150
Fra:74 Mem:1263.65M (Peak 1568.91M) | Time:00:00.56 | Mem:0.00M, Peak:0.00M | Scene, RenderLayer | Synchronizing object | 0000000149
Fra:74 Mem:1263.65M (Peak 1568.91M) | Time:00:00.56 | Mem:0.00M, Peak:0.00M | Scene, RenderLayer | Synchronizing object | 0000000148
Fra:74 Mem:1263.65M (Peak 1568.91M) | Time:00:00.56 | Mem:0.00M, Peak:0.00M | Scene, RenderLayer | Synchronizing object | 0000000147
Fra:74 Mem:1263.65M (Peak 1568.91M) | Time:00:00.56 | Mem:0.00M, Peak:0.00M | Scene, RenderLayer | Synchronizing object | 0000000146
Fra:74 Mem:1263.65M (Peak 1568.91M) | Time:00:00.56 | Mem:0.00M, Peak:0.00M | Scene, RenderLayer | Synchronizing object | 0000000145
Fra:74 Mem:1264.24M (Peak 1568.91M) | Time:00:00.56 | Mem:0.00M, Peak:0.00M | Scene, RenderLayer | Synchronizing object | 0000000144
Fra:74 Mem:1264.69M (Peak 1568.91M) | Time:00:00.56 | Mem:0.00M, Peak:0.00M | Scene, RenderLayer | Synchronizing object | 0000000143
Fra:74 Mem:1265.61M (Peak 1568.91M) | Time:00:00.56 | Mem:0.00M, Peak:0.00M | Scene, RenderLayer | Synchronizing object | 0000000142
Fra:74 Mem:1265.61M (Peak 1568.91M) | Time:00:00.56 | Mem:0.00M, Peak:0.00M | Scene, RenderLayer | Synchronizing object | 0000000141
Fra:74 Mem:1265.61M (Peak 1568.91M) | Time:00:00.56 | Mem:0.00M, Peak:0.00M | Scene, RenderLayer | Synchronizing object | 0000000140
Fra:74 Mem:1265.61M (Peak 1568.91M) | Time:00:00.56 | Mem:0.00M, Peak:0.00M | Scene, RenderLayer | Synchronizing object | 0000000139
Fra:74 Mem:1265.61M (Peak 1568.91M) | Time:00:00.56 | Mem:0.00M, Peak:0.00M | Scene, RenderLayer | Synchronizing object | 0000000138
Fra:74 Mem:1265.68M (Peak 1568.91M) | Time:00:00.56 | Mem:0.00M, Peak:0.00M | Scene, RenderLayer | Synchronizing object | 0000000137
Fra:74 Mem:1267.07M (Peak 1568.91M) | Time:00:00.56 | Mem:0.00M, Peak:0.00M | Scene, RenderLayer | Synchronizing object | 0000000136
Fra:74 Mem:1267.07M (Peak 1568.91M) | Time:00:00.56 | Mem:0.00M, Peak:0.00M | Scene, RenderLayer | Synchronizing object | 0000000135
Fra:74 Mem:1267.07M (Peak 1568.91M) | Time:00:00.56 | Mem:0.00M, Peak:0.00M | Scene, RenderLayer | Synchronizing object | 0000000134
Fra:74 Mem:1267.07M (Peak 1568.91M) | Time:00:00.56 | Mem:0.00M, Peak:0.00M | Scene, RenderLayer | Synchronizing object | 0000000133
Fra:74 Mem:1267.07M (Peak 1568.91M) | Time:00:00.56 | Mem:0.00M, Peak:0.00M | Scene, RenderLayer | Synchronizing object | 0000000132
Fra:74 Mem:1267.54M (Peak 1568.91M) | Time:00:00.56 | Mem:0.00M, Peak:0.00M | Scene, RenderLayer | Synchronizing object | 0000000131
Fra:74 Mem:1267.54M (Peak 1568.91M) | Time:00:00.56 | Mem:0.00M, Peak:0.00M | Scene, RenderLayer | Synchronizing object | 0000000130
Fra:74 Mem:1268.47M (Peak 1568.91M) | Time:00:00.56 | Mem:0.00M, Peak:0.00M | Scene, RenderLayer | Synchronizing object | 0000000129
Fra:74 Mem:1268.47M (Peak 1568.91M) | Time:00:00.56 | Mem:0.00M, Peak:0.00M | Scene, RenderLayer | Synchronizing object | 0000000128
Fra:74 Mem:1268.47M (Peak 1568.91M) | Time:00:00.56 | Mem:0.00M, Peak:0.00M | Scene, RenderLayer | Synchronizing object | 0000000127
Fra:74 Mem:1268.47M (Peak 1568.91M) | Time:00:00.56 | Mem:0.00M, Peak:0.00M | Scene, RenderLayer | Synchronizing object | 0000000126
Fra:74 Mem:1268.93M (Peak 1568.91M) | Time:00:00.56 | Mem:0.00M, Peak:0.00M | Scene, RenderLayer | Synchronizing object | 0000000125
Fra:74 Mem:1268.93M (Peak 1568.91M) | Time:00:00.56 | Mem:0.00M, Peak:0.00M | Scene, RenderLayer | Synchronizing object | 0000000124
Fra:74 Mem:1268.93M (Peak 1568.91M) | Time:00:00.56 | Mem:0.00M, Peak:0.00M | Scene, RenderLayer | Synchronizing object | 0000000123
Fra:74 Mem:1269.09M (Peak 1568.91M) | Time:00:00.56 | Mem:0.00M, Peak:0.00M | Scene, RenderLayer | Synchronizing object | 0000000122
Fra:74 Mem:1269.55M (Peak 1568.91M) | Time:00:00.56 | Mem:0.00M, Peak:0.00M | Scene, RenderLayer | Synchronizing object | 0000000121
Fra:74 Mem:1269.55M (Peak 1568.91M) | Time:00:00.56 | Mem:0.00M, Peak:0.00M | Scene, RenderLayer | Synchronizing object | 0000000120
Fra:74 Mem:1269.55M (Peak 1568.91M) | Time:00:00.56 | Mem:0.00M, Peak:0.00M | Scene, RenderLayer | Synchronizing object | 0000000119
Fra:74 Mem:1271.57M (Peak 1568.91M) | Time:00:00.56 | Mem:0.00M, Peak:0.00M | Scene, RenderLayer | Synchronizing object | 0000000118
Fra:74 Mem:1271.57M (Peak 1568.91M) | Time:00:00.56 | Mem:0.00M, Peak:0.00M | Scene, RenderLayer | Synchronizing object | 0000000117
Fra:74 Mem:1273.42M (Peak 1568.91M) | Time:00:00.56 | Mem:0.00M, Peak:0.00M | Scene, RenderLayer | Synchronizing object | 0000000116
Fra:74 Mem:1274.81M (Peak 1568.91M) | Time:00:00.56 | Mem:0.00M, Peak:0.00M | Scene, RenderLayer | Synchronizing object | 0000000115
Fra:74 Mem:1275.28M (Peak 1568.91M) | Time:00:00.56 | Mem:0.00M, Peak:0.00M | Scene, RenderLayer | Synchronizing object | 0000000114
Fra:74 Mem:1275.28M (Peak 1568.91M) | Time:00:00.56 | Mem:0.00M, Peak:0.00M | Scene, RenderLayer | Synchronizing object | 0000000113
Fra:74 Mem:1275.28M (Peak 1568.91M) | Time:00:00.56 | Mem:0.00M, Peak:0.00M | Scene, RenderLayer | Synchronizing object | 0000000112
Fra:74 Mem:1275.28M (Peak 1568.91M) | Time:00:00.56 | Mem:0.00M, Peak:0.00M | Scene, RenderLayer | Synchronizing object | 0000000111
Fra:74 Mem:1275.28M (Peak 1568.91M) | Time:00:00.56 | Mem:0.00M, Peak:0.00M | Scene, RenderLayer | Synchronizing object | 0000000110
Fra:74 Mem:1275.28M (Peak 1568.91M) | Time:00:00.56 | Mem:0.00M, Peak:0.00M | Scene, RenderLayer | Synchronizing object | 0000000109
Fra:74 Mem:1275.28M (Peak 1568.91M) | Time:00:00.56 | Mem:0.00M, Peak:0.00M | Scene, RenderLayer | Synchronizing object | 0000000108
Fra:74 Mem:1275.28M (Peak 1568.91M) | Time:00:00.56 | Mem:0.00M, Peak:0.00M | Scene, RenderLayer | Synchronizing object | 0000000107.001
Fra:74 Mem:1275.28M (Peak 1568.91M) | Time:00:00.56 | Mem:0.00M, Peak:0.00M | Scene, RenderLayer | Synchronizing object | 0000000106
Fra:74 Mem:1275.28M (Peak 1568.91M) | Time:00:00.56 | Mem:0.00M, Peak:0.00M | Scene, RenderLayer | Synchronizing object | 0000000105
Fra:74 Mem:1275.28M (Peak 1568.91M) | Time:00:00.56 | Mem:0.00M, Peak:0.00M | Scene, RenderLayer | Synchronizing object | 0000000104
Fra:74 Mem:1275.28M (Peak 1568.91M) | Time:00:00.56 | Mem:0.00M, Peak:0.00M | Scene, RenderLayer | Synchronizing object | 0000000103
Fra:74 Mem:1275.28M (Peak 1568.91M) | Time:00:00.56 | Mem:0.00M, Peak:0.00M | Scene, RenderLayer | Synchronizing object | 0000000102
Fra:74 Mem:1275.28M (Peak 1568.91M) | Time:00:00.56 | Mem:0.00M, Peak:0.00M | Scene, RenderLayer | Synchronizing object | 0000000101
Fra:74 Mem:1275.28M (Peak 1568.91M) | Time:00:00.56 | Mem:0.00M, Peak:0.00M | Scene, RenderLayer | Synchronizing object | 0000000100
Fra:74 Mem:1275.28M (Peak 1568.91M) | Time:00:00.57 | Mem:0.00M, Peak:0.00M | Scene, RenderLayer | Synchronizing object | 0000000099
Fra:74 Mem:1275.28M (Peak 1568.91M) | Time:00:00.57 | Mem:0.00M, Peak:0.00M | Scene, RenderLayer | Synchronizing object | 0000000098
Fra:74 Mem:1275.28M (Peak 1568.91M) | Time:00:00.57 | Mem:0.00M, Peak:0.00M | Scene, RenderLayer | Synchronizing object | 0000000097
Fra:74 Mem:1275.73M (Peak 1568.91M) | Time:00:00.57 | Mem:0.00M, Peak:0.00M | Scene, RenderLayer | Synchronizing object | 0000000096
Fra:74 Mem:1275.73M (Peak 1568.91M) | Time:00:00.57 | Mem:0.00M, Peak:0.00M | Scene, RenderLayer | Synchronizing object | 0000000095
Fra:74 Mem:1275.73M (Peak 1568.91M) | Time:00:00.57 | Mem:0.00M, Peak:0.00M | Scene, RenderLayer | Synchronizing object | 0000000094
Fra:74 Mem:1275.73M (Peak 1568.91M) | Time:00:00.57 | Mem:0.00M, Peak:0.00M | Scene, RenderLayer | Synchronizing object | 0000000093
Fra:74 Mem:1275.73M (Peak 1568.91M) | Time:00:00.57 | Mem:0.00M, Peak:0.00M | Scene, RenderLayer | Synchronizing object | 0000000092
Fra:74 Mem:1275.73M (Peak 1568.91M) | Time:00:00.57 | Mem:0.00M, Peak:0.00M | Scene, RenderLayer | Synchronizing object | 0000000091
Fra:74 Mem:1275.73M (Peak 1568.91M) | Time:00:00.57 | Mem:0.00M, Peak:0.00M | Scene, RenderLayer | Synchronizing object | 0000000090
Fra:74 Mem:1275.73M (Peak 1568.91M) | Time:00:00.57 | Mem:0.00M, Peak:0.00M | Scene, RenderLayer | Synchronizing object | 0000000089
Fra:74 Mem:1275.73M (Peak 1568.91M) | Time:00:00.57 | Mem:0.00M, Peak:0.00M | Scene, RenderLayer | Synchronizing object | 0000000088
Fra:74 Mem:1275.73M (Peak 1568.91M) | Time:00:00.57 | Mem:0.00M, Peak:0.00M | Scene, RenderLayer | Synchronizing object | 0000000087
Fra:74 Mem:1276.13M (Peak 1568.91M) | Time:00:00.57 | Mem:0.00M, Peak:0.00M | Scene, RenderLayer | Synchronizing object | 0000000086
Fra:74 Mem:1276.25M (Peak 1568.91M) | Time:00:00.57 | Mem:0.00M, Peak:0.00M | Scene, RenderLayer | Synchronizing object | 0000000085
Fra:74 Mem:1276.52M (Peak 1568.91M) | Time:00:00.57 | Mem:0.00M, Peak:0.00M | Scene, RenderLayer | Synchronizing object | 0000000084
Fra:74 Mem:1276.62M (Peak 1568.91M) | Time:00:00.57 | Mem:0.00M, Peak:0.00M | Scene, RenderLayer | Synchronizing object | 0000000083
Fra:74 Mem:1276.67M (Peak 1568.91M) | Time:00:00.57 | Mem:0.00M, Peak:0.00M | Scene, RenderLayer | Synchronizing object | 0000000082
Fra:74 Mem:1276.76M (Peak 1568.91M) | Time:00:00.57 | Mem:0.00M, Peak:0.00M | Scene, RenderLayer | Synchronizing object | 0000000081
Fra:74 Mem:1276.77M (Peak 1568.91M) | Time:00:00.57 | Mem:0.00M, Peak:0.00M | Scene, RenderLayer | Synchronizing object | 0000000080
Fra:74 Mem:1276.89M (Peak 1568.91M) | Time:00:00.57 | Mem:0.00M, Peak:0.00M | Scene, RenderLayer | Synchronizing object | 0000000079
Fra:74 Mem:1276.94M (Peak 1568.91M) | Time:00:00.57 | Mem:0.00M, Peak:0.00M | Scene, RenderLayer | Synchronizing object | 0000000078
Fra:74 Mem:1277.05M (Peak 1568.91M) | Time:00:00.57 | Mem:0.00M, Peak:0.00M | Scene, RenderLayer | Synchronizing object | 0000000077
Fra:74 Mem:1277.08M (Peak 1568.91M) | Time:00:00.57 | Mem:0.00M, Peak:0.00M | Scene, RenderLayer | Synchronizing object | 0000000076
Fra:74 Mem:1277.20M (Peak 1568.91M) | Time:00:00.57 | Mem:0.00M, Peak:0.00M | Scene, RenderLayer | Synchronizing object | 0000000075
Fra:74 Mem:1277.30M (Peak 1568.91M) | Time:00:00.57 | Mem:0.00M, Peak:0.00M | Scene, RenderLayer | Synchronizing object | 0000000074
Fra:74 Mem:1279.31M (Peak 1568.91M) | Time:00:00.57 | Mem:0.00M, Peak:0.00M | Scene, RenderLayer | Synchronizing object | 0000000073
Fra:74 Mem:1281.20M (Peak 1568.91M) | Time:00:00.57 | Mem:0.00M, Peak:0.00M | Scene, RenderLayer | Synchronizing object | 0000000072
Fra:74 Mem:1281.24M (Peak 1568.91M) | Time:00:00.57 | Mem:0.00M, Peak:0.00M | Scene, RenderLayer | Synchronizing object | 0000000071
Fra:74 Mem:1281.35M (Peak 1568.91M) | Time:00:00.57 | Mem:0.00M, Peak:0.00M | Scene, RenderLayer | Synchronizing object | 0000000070
Fra:74 Mem:1281.38M (Peak 1568.91M) | Time:00:00.57 | Mem:0.00M, Peak:0.00M | Scene, RenderLayer | Synchronizing object | 0000000069
Fra:74 Mem:1281.50M (Peak 1568.91M) | Time:00:00.57 | Mem:0.00M, Peak:0.00M | Scene, RenderLayer | Synchronizing object | 0000000068
Fra:74 Mem:1290.03M (Peak 1568.91M) | Time:00:00.57 | Mem:0.00M, Peak:0.00M | Scene, RenderLayer | Synchronizing object | 0000000067
Fra:74 Mem:1290.13M (Peak 1568.91M) | Time:00:00.57 | Mem:0.00M, Peak:0.00M | Scene, RenderLayer | Synchronizing object | 0000000066
Fra:74 Mem:1290.14M (Peak 1568.91M) | Time:00:00.57 | Mem:0.00M, Peak:0.00M | Scene, RenderLayer | Synchronizing object | 0000000065
Fra:74 Mem:1290.17M (Peak 1568.91M) | Time:00:00.57 | Mem:0.00M, Peak:0.00M | Scene, RenderLayer | Synchronizing object | 0000000064
Fra:74 Mem:1290.29M (Peak 1568.91M) | Time:00:00.57 | Mem:0.00M, Peak:0.00M | Scene, RenderLayer | Synchronizing object | 0000000063
Fra:74 Mem:1290.32M (Peak 1568.91M) | Time:00:00.57 | Mem:0.00M, Peak:0.00M | Scene, RenderLayer | Synchronizing object | 0000000062
Fra:74 Mem:1290.43M (Peak 1568.91M) | Time:00:00.57 | Mem:0.00M, Peak:0.00M | Scene, RenderLayer | Synchronizing object | 0000000061
Fra:74 Mem:1290.44M (Peak 1568.91M) | Time:00:00.57 | Mem:0.00M, Peak:0.00M | Scene, RenderLayer | Synchronizing object | 0000000060
Fra:74 Mem:1290.47M (Peak 1568.91M) | Time:00:00.57 | Mem:0.00M, Peak:0.00M | Scene, RenderLayer | Synchronizing object | 0000000059
Fra:74 Mem:1290.59M (Peak 1568.91M) | Time:00:00.57 | Mem:0.00M, Peak:0.00M | Scene, RenderLayer | Synchronizing object | 0000000058
Fra:74 Mem:1290.69M (Peak 1568.91M) | Time:00:00.57 | Mem:0.00M, Peak:0.00M | Scene, RenderLayer | Synchronizing object | 0000000057
Fra:74 Mem:1290.74M (Peak 1568.91M) | Time:00:00.57 | Mem:0.00M, Peak:0.00M | Scene, RenderLayer | Synchronizing object | 0000000056
Fra:74 Mem:1290.84M (Peak 1568.91M) | Time:00:00.57 | Mem:0.00M, Peak:0.00M | Scene, RenderLayer | Synchronizing object | 0000000055
Fra:74 Mem:1290.89M (Peak 1568.91M) | Time:00:00.57 | Mem:0.00M, Peak:0.00M | Scene, RenderLayer | Synchronizing object | 0000000054
Fra:74 Mem:1290.86M (Peak 1568.91M) | Time:00:00.57 | Mem:0.00M, Peak:0.00M | Scene, RenderLayer | Synchronizing object | 0000000053
Fra:74 Mem:1290.89M (Peak 1568.91M) | Time:00:00.57 | Mem:0.00M, Peak:0.00M | Scene, RenderLayer | Synchronizing object | greenrace3
Fra:74 Mem:1291.02M (Peak 1568.91M) | Time:00:00.57 | Mem:0.00M, Peak:0.00M | Scene, RenderLayer | Synchronizing object | 0000000052
Fra:74 Mem:1291.73M (Peak 1568.91M) | Time:00:00.57 | Mem:0.00M, Peak:0.00M | Scene, RenderLayer | Synchronizing object | 0000000051
Fra:74 Mem:1291.76M (Peak 1568.91M) | Time:00:00.57 | Mem:0.00M, Peak:0.00M | Scene, RenderLayer | Synchronizing object | greenrace4
Fra:74 Mem:1291.87M (Peak 1568.91M) | Time:00:00.57 | Mem:0.00M, Peak:0.00M | Scene, RenderLayer | Synchronizing object | 0000000050
Fra:74 Mem:1293.46M (Peak 1568.91M) | Time:00:00.57 | Mem:0.00M, Peak:0.00M | Scene, RenderLayer | Synchronizing object | 0000000049
Fra:74 Mem:1293.49M (Peak 1568.91M) | Time:00:00.57 | Mem:0.00M, Peak:0.00M | Scene, RenderLayer | Synchronizing object | 0000000048
Fra:74 Mem:1293.57M (Peak 1568.91M) | Time:00:00.57 | Mem:0.00M, Peak:0.00M | Scene, RenderLayer | Synchronizing object | 0000000047
Fra:74 Mem:1293.61M (Peak 1568.91M) | Time:00:00.57 | Mem:0.00M, Peak:0.00M | Scene, RenderLayer | Synchronizing object | 0000000046
Fra:74 Mem:1293.64M (Peak 1568.91M) | Time:00:00.57 | Mem:0.00M, Peak:0.00M | Scene, RenderLayer | Synchronizing object | 0000000045
Fra:74 Mem:1293.78M (Peak 1568.91M) | Time:00:00.57 | Mem:0.00M, Peak:0.00M | Scene, RenderLayer | Synchronizing object | 0000000044
Fra:74 Mem:1294.69M (Peak 1568.91M) | Time:00:00.57 | Mem:0.00M, Peak:0.00M | Scene, RenderLayer | Synchronizing object | 0000000043
Fra:74 Mem:1294.71M (Peak 1568.91M) | Time:00:00.57 | Mem:0.00M, Peak:0.00M | Scene, RenderLayer | Synchronizing object | 0000000042
Fra:74 Mem:1294.79M (Peak 1568.91M) | Time:00:00.57 | Mem:0.00M, Peak:0.00M | Scene, RenderLayer | Synchronizing object | 0000000041
Fra:74 Mem:1294.88M (Peak 1568.91M) | Time:00:00.57 | Mem:0.00M, Peak:0.00M | Scene, RenderLayer | Synchronizing object | 0000000040
Fra:74 Mem:1296.29M (Peak 1568.91M) | Time:00:00.57 | Mem:0.00M, Peak:0.00M | Scene, RenderLayer | Synchronizing object | 0000000039
Fra:74 Mem:1296.39M (Peak 1568.91M) | Time:00:00.57 | Mem:0.00M, Peak:0.00M | Scene, RenderLayer | Synchronizing object | 0000000038
Fra:74 Mem:1296.42M (Peak 1568.91M) | Time:00:00.57 | Mem:0.00M, Peak:0.00M | Scene, RenderLayer | Synchronizing object | 0000000000.001
Fra:74 Mem:1296.53M (Peak 1568.91M) | Time:00:00.57 | Mem:0.00M, Peak:0.00M | Scene, RenderLayer | Synchronizing object | 0000000001.001
Fra:74 Mem:1298.17M (Peak 1568.91M) | Time:00:00.57 | Mem:0.00M, Peak:0.00M | Scene, RenderLayer | Synchronizing object | 0000000002.001
Fra:74 Mem:1298.30M (Peak 1568.91M) | Time:00:00.57 | Mem:0.00M, Peak:0.00M | Scene, RenderLayer | Synchronizing object | 0000000003.001
Fra:74 Mem:1298.37M (Peak 1568.91M) | Time:00:00.57 | Mem:0.00M, Peak:0.00M | Scene, RenderLayer | Synchronizing object | 0000000004.001
Fra:74 Mem:1302.69M (Peak 1568.91M) | Time:00:00.57 | Mem:0.00M, Peak:0.00M | Scene, RenderLayer | Synchronizing object | pink0
Fra:74 Mem:1305.23M (Peak 1568.91M) | Time:00:00.57 | Mem:0.00M, Peak:0.00M | Scene, RenderLayer | Synchronizing object | greenrace5
Fra:74 Mem:1332.57M (Peak 1568.91M) | Time:00:00.57 | Mem:0.00M, Peak:0.00M | Scene, RenderLayer | Synchronizing object | pink5
Fra:74 Mem:1340.29M (Peak 1568.91M) | Time:00:00.58 | Mem:0.00M, Peak:0.00M | Scene, RenderLayer | Synchronizing object | pink4
Fra:74 Mem:1360.02M (Peak 1568.91M) | Time:00:00.58 | Mem:0.00M, Peak:0.00M | Scene, RenderLayer | Synchronizing object | pink3
Fra:74 Mem:1360.59M (Peak 1568.91M) | Time:00:00.58 | Mem:0.00M, Peak:0.00M | Scene, RenderLayer | Synchronizing object | pink2
Fra:74 Mem:1372.32M (Peak 1568.91M) | Time:00:00.59 | Mem:0.00M, Peak:0.00M | Scene, RenderLayer | Synchronizing object | rangerover5
Fra:74 Mem:1393.32M (Peak 1568.91M) | Time:00:00.63 | Mem:0.00M, Peak:0.00M | Scene, RenderLayer | Synchronizing object | rangerover1
Fra:74 Mem:1408.25M (Peak 1568.91M) | Time:00:00.64 | Mem:0.00M, Peak:0.00M | Scene, RenderLayer | Synchronizing object | rangerover2
Fra:74 Mem:1424.14M (Peak 1568.91M) | Time:00:00.64 | Mem:0.00M, Peak:0.00M | Scene, RenderLayer | Synchronizing object | rangerover3
Fra:74 Mem:1427.25M (Peak 1568.91M) | Time:00:00.64 | Mem:0.00M, Peak:0.00M | Scene, RenderLayer | Synchronizing object | rangerover4
Fra:74 Mem:1314.81M (Peak 1961.96M) | Time:00:01.38 | Mem:0.00M, Peak:0.00M | Scene, RenderLayer | Initializing
Fra:74 Mem:863.18M (Peak 1961.96M) | Time:00:01.40 | Mem:0.00M, Peak:0.00M | Scene, RenderLayer | Waiting for render to start
Fra:74 Mem:863.18M (Peak 1961.96M) | Time:00:01.41 | Mem:0.00M, Peak:0.00M | Scene, RenderLayer | Loading render kernels (may take a few minutes the first time)
Fra:74 Mem:863.18M (Peak 1961.96M) | Time:00:01.41 | Mem:0.00M, Peak:0.00M | Scene, RenderLayer | Updating Scene
Fra:74 Mem:863.18M (Peak 1961.96M) | Time:00:01.41 | Mem:0.00M, Peak:0.00M | Scene, RenderLayer | Updating Shaders
Fra:74 Mem:863.56M (Peak 1961.96M) | Time:00:01.43 | Mem:0.12M, Peak:0.12M | Scene, RenderLayer | Updating Procedurals
Fra:74 Mem:863.56M (Peak 1961.96M) | Time:00:01.43 | Mem:0.12M, Peak:0.12M | Scene, RenderLayer | Updating Background
Fra:74 Mem:863.56M (Peak 1961.96M) | Time:00:01.43 | Mem:0.12M, Peak:0.12M | Scene, RenderLayer | Updating Camera
Fra:74 Mem:863.56M (Peak 1961.96M) | Time:00:01.43 | Mem:0.12M, Peak:0.12M | Scene, RenderLayer | Updating Meshes Flags
Fra:74 Mem:863.56M (Peak 1961.96M) | Time:00:01.43 | Mem:0.12M, Peak:0.12M | Scene, RenderLayer | Updating Objects
Fra:74 Mem:863.56M (Peak 1961.96M) | Time:00:01.43 | Mem:0.12M, Peak:0.12M | Scene, RenderLayer | Updating Objects | Copying Transformations to device
Fra:74 Mem:863.60M (Peak 1961.96M) | Time:00:01.43 | Mem:0.15M, Peak:0.15M | Scene, RenderLayer | Updating Objects | Applying Static Transformations
Fra:74 Mem:863.60M (Peak 1961.96M) | Time:00:01.43 | Mem:0.15M, Peak:0.15M | Scene, RenderLayer | Updating Particle Systems
Fra:74 Mem:863.60M (Peak 1961.96M) | Time:00:01.43 | Mem:0.15M, Peak:0.15M | Scene, RenderLayer | Updating Particle Systems | Copying Particles to device
Fra:74 Mem:863.60M (Peak 1961.96M) | Time:00:01.43 | Mem:0.15M, Peak:0.15M | Scene, RenderLayer | Updating Meshes
Fra:74 Mem:903.47M (Peak 1961.96M) | Time:00:01.49 | Mem:0.15M, Peak:0.15M | Scene, RenderLayer | Updating Mesh | Computing attributes
Fra:74 Mem:903.54M (Peak 1961.96M) | Time:00:01.49 | Mem:0.17M, Peak:0.17M | Scene, RenderLayer | Updating Mesh | Copying Attributes to device
Fra:74 Mem:903.50M (Peak 1961.96M) | Time:00:01.49 | Mem:0.18M, Peak:0.18M | Scene, RenderLayer | Updating Scene BVH | Building
Fra:74 Mem:903.51M (Peak 1961.96M) | Time:00:01.49 | Mem:0.18M, Peak:0.18M | Scene, RenderLayer | Updating Scene BVH | Building BVH
Fra:74 Mem:903.51M (Peak 1961.96M) | Time:00:01.50 | Mem:176.02M, Peak:176.02M | Scene, RenderLayer | Updating Scene BVH | Building BVH 0%
Fra:74 Mem:903.51M (Peak 1961.96M) | Time:00:01.75 | Mem:294.02M, Peak:294.02M | Scene, RenderLayer | Updating Scene BVH | Building BVH 70%
Fra:74 Mem:903.51M (Peak 1961.96M) | Time:00:01.83 | Mem:216.02M, Peak:344.02M | Scene, RenderLayer | Updating Scene BVH | Copying BVH to device
Fra:74 Mem:903.51M (Peak 1961.96M) | Time:00:01.83 | Mem:216.02M, Peak:344.02M | Scene, RenderLayer | Updating Mesh | Computing normals
Fra:74 Mem:1082.93M (Peak 1961.96M) | Time:00:01.93 | Mem:216.02M, Peak:344.02M | Scene, RenderLayer | Updating Mesh | Copying Mesh to device
Fra:74 Mem:1082.93M (Peak 1961.96M) | Time:00:01.93 | Mem:395.44M, Peak:395.44M | Scene, RenderLayer | Updating Objects Flags
Fra:74 Mem:1082.93M (Peak 1961.96M) | Time:00:01.93 | Mem:395.44M, Peak:395.44M | Scene, RenderLayer | Updating Primitive Offsets
Fra:74 Mem:1082.93M (Peak 1961.96M) | Time:00:01.93 | Mem:395.44M, Peak:395.44M | Scene, RenderLayer | Updating Images
Fra:74 Mem:1082.93M (Peak 1961.96M) | Time:00:01.93 | Mem:395.44M, Peak:395.44M | Scene, RenderLayer | Updating Images | Loading 0000000166.png
Fra:74 Mem:1082.95M (Peak 1961.96M) | Time:00:01.93 | Mem:395.44M, Peak:395.44M | Scene, RenderLayer | Updating Images | Loading 0000000165.png
Fra:74 Mem:1082.95M (Peak 1961.96M) | Time:00:01.93 | Mem:395.44M, Peak:395.44M | Scene, RenderLayer | Updating Images | Loading 0000000187.png
Fra:74 Mem:1082.95M (Peak 1961.96M) | Time:00:01.93 | Mem:395.44M, Peak:395.44M | Scene, RenderLayer | Updating Images | Loading 0000000039.png
Fra:74 Mem:1082.95M (Peak 1961.96M) | Time:00:01.93 | Mem:395.44M, Peak:395.44M | Scene, RenderLayer | Updating Images | Loading 0000000002.png
Fra:74 Mem:1082.95M (Peak 1961.96M) | Time:00:01.93 | Mem:395.44M, Peak:395.44M | Scene, RenderLayer | Updating Images | Loading 0000000000.png
Fra:74 Mem:1082.95M (Peak 1961.96M) | Time:00:01.93 | Mem:395.44M, Peak:395.44M | Scene, RenderLayer | Updating Images | Loading 0000000185.png
Fra:74 Mem:1082.95M (Peak 1961.96M) | Time:00:01.93 | Mem:395.44M, Peak:395.44M | Scene, RenderLayer | Updating Images | Loading 0000000040.png
Fra:74 Mem:1082.95M (Peak 1961.96M) | Time:00:01.93 | Mem:395.44M, Peak:395.44M | Scene, RenderLayer | Updating Images | Loading 0000000041.png
Fra:74 Mem:1082.95M (Peak 1961.96M) | Time:00:01.93 | Mem:395.44M, Peak:395.44M | Scene, RenderLayer | Updating Images | Loading 0000000043.png
Fra:74 Mem:1082.95M (Peak 1961.96M) | Time:00:01.93 | Mem:395.44M, Peak:395.44M | Scene, RenderLayer | Updating Images | Loading 0000000045.png
Fra:74 Mem:1082.95M (Peak 1961.96M) | Time:00:01.93 | Mem:395.44M, Peak:395.44M | Scene, RenderLayer | Updating Images | Loading 0000000046.png
Fra:74 Mem:1082.95M (Peak 1961.96M) | Time:00:01.93 | Mem:395.44M, Peak:395.44M | Scene, RenderLayer | Updating Images | Loading 0000000184.png
Fra:74 Mem:1082.95M (Peak 1961.96M) | Time:00:01.93 | Mem:395.44M, Peak:395.44M | Scene, RenderLayer | Updating Images | Loading 0000000047.png
Fra:74 Mem:1082.95M (Peak 1961.96M) | Time:00:01.93 | Mem:395.44M, Peak:395.44M | Scene, RenderLayer | Updating Images | Loading 0000000048.png
Fra:74 Mem:1082.95M (Peak 1961.96M) | Time:00:01.93 | Mem:395.44M, Peak:395.44M | Scene, RenderLayer | Updating Images | Loading 0000000049.png
Fra:74 Mem:1082.95M (Peak 1961.96M) | Time:00:01.93 | Mem:395.44M, Peak:395.44M | Scene, RenderLayer | Updating Images | Loading 0000000050.png
Fra:74 Mem:1082.95M (Peak 1961.96M) | Time:00:01.93 | Mem:395.44M, Peak:395.44M | Scene, RenderLayer | Updating Images | Loading 0000000051.png
Fra:74 Mem:1082.95M (Peak 1961.96M) | Time:00:01.93 | Mem:395.44M, Peak:395.44M | Scene, RenderLayer | Updating Images | Loading 0000000052.png
Fra:74 Mem:1082.95M (Peak 1961.96M) | Time:00:01.93 | Mem:395.44M, Peak:395.44M | Scene, RenderLayer | Updating Images | Loading 0000000053.png
Fra:74 Mem:1082.95M (Peak 1961.96M) | Time:00:01.93 | Mem:395.44M, Peak:395.44M | Scene, RenderLayer | Updating Images | Loading 0000000183.png
Fra:74 Mem:1082.95M (Peak 1961.96M) | Time:00:01.93 | Mem:395.44M, Peak:395.44M | Scene, RenderLayer | Updating Images | Loading 0000000054.png
Fra:74 Mem:1082.95M (Peak 1961.96M) | Time:00:01.93 | Mem:395.44M, Peak:395.44M | Scene, RenderLayer | Updating Images | Loading 0000000055.png
Fra:74 Mem:1082.95M (Peak 1961.96M) | Time:00:01.93 | Mem:395.44M, Peak:395.44M | Scene, RenderLayer | Updating Images | Loading 0000000056.png
Fra:74 Mem:1082.95M (Peak 1961.96M) | Time:00:01.93 | Mem:395.44M, Peak:395.44M | Scene, RenderLayer | Updating Images | Loading 0000000057.png
Fra:74 Mem:1082.95M (Peak 1961.96M) | Time:00:01.93 | Mem:395.44M, Peak:395.44M | Scene, RenderLayer | Updating Images | Loading 0000000058.png
Fra:74 Mem:1082.95M (Peak 1961.96M) | Time:00:01.93 | Mem:395.44M, Peak:395.44M | Scene, RenderLayer | Updating Images | Loading 0000000059.png
Fra:74 Mem:1082.95M (Peak 1961.96M) | Time:00:01.93 | Mem:395.44M, Peak:395.44M | Scene, RenderLayer | Updating Images | Loading 0000000182.png
Fra:74 Mem:1082.95M (Peak 1961.96M) | Time:00:01.93 | Mem:395.44M, Peak:395.44M | Scene, RenderLayer | Updating Images | Loading 0000000061.png
Fra:74 Mem:1082.95M (Peak 1961.96M) | Time:00:01.93 | Mem:395.44M, Peak:395.44M | Scene, RenderLayer | Updating Images | Loading 0000000063.png
Fra:74 Mem:1082.95M (Peak 1961.96M) | Time:00:01.93 | Mem:395.44M, Peak:395.44M | Scene, RenderLayer | Updating Images | Loading 0000000163.png
Fra:74 Mem:1082.95M (Peak 1961.96M) | Time:00:01.93 | Mem:395.44M, Peak:395.44M | Scene, RenderLayer | Updating Images | Loading 0000000162.png
Fra:74 Mem:1082.95M (Peak 1961.96M) | Time:00:01.93 | Mem:395.44M, Peak:395.44M | Scene, RenderLayer | Updating Images | Loading 0000000161.png
Fra:74 Mem:1082.95M (Peak 1961.96M) | Time:00:01.93 | Mem:395.44M, Peak:395.44M | Scene, RenderLayer | Updating Images | Loading 0000000160.png
Fra:74 Mem:1082.95M (Peak 1961.96M) | Time:00:01.93 | Mem:395.44M, Peak:395.44M | Scene, RenderLayer | Updating Images | Loading 0000000159.png
Fra:74 Mem:1082.95M (Peak 1961.96M) | Time:00:01.93 | Mem:395.44M, Peak:395.44M | Scene, RenderLayer | Updating Images | Loading 0000000158.png
Fra:74 Mem:1082.95M (Peak 1961.96M) | Time:00:01.93 | Mem:395.44M, Peak:395.44M | Scene, RenderLayer | Updating Images | Loading 0000000157.png
Fra:74 Mem:1082.95M (Peak 1961.96M) | Time:00:01.93 | Mem:395.44M, Peak:395.44M | Scene, RenderLayer | Updating Images | Loading 0000000168.png
Fra:74 Mem:1082.95M (Peak 1961.96M) | Time:00:01.93 | Mem:395.44M, Peak:395.44M | Scene, RenderLayer | Updating Images | Loading 0000000156.png
Fra:74 Mem:1082.95M (Peak 1961.96M) | Time:00:01.93 | Mem:395.44M, Peak:395.44M | Scene, RenderLayer | Updating Images | Loading 0000000155.png
Fra:74 Mem:1082.95M (Peak 1961.96M) | Time:00:01.93 | Mem:395.44M, Peak:395.44M | Scene, RenderLayer | Updating Images | Loading 0000000154.png
Fra:74 Mem:1082.95M (Peak 1961.96M) | Time:00:01.93 | Mem:395.44M, Peak:395.44M | Scene, RenderLayer | Updating Images | Loading 0000000153.png
Fra:74 Mem:1082.95M (Peak 1961.96M) | Time:00:01.93 | Mem:395.44M, Peak:395.44M | Scene, RenderLayer | Updating Images | Loading 0000000152.png
Fra:74 Mem:1082.95M (Peak 1961.96M) | Time:00:01.93 | Mem:395.44M, Peak:395.44M | Scene, RenderLayer | Updating Images | Loading 0000000151.png
Fra:74 Mem:1082.95M (Peak 1961.96M) | Time:00:01.93 | Mem:395.44M, Peak:395.44M | Scene, RenderLayer | Updating Images | Loading 0000000065.png
Fra:74 Mem:1082.95M (Peak 1961.96M) | Time:00:01.93 | Mem:395.44M, Peak:395.44M | Scene, RenderLayer | Updating Images | Loading 0000000066.png
Fra:74 Mem:1082.95M (Peak 1961.96M) | Time:00:01.93 | Mem:395.44M, Peak:395.44M | Scene, RenderLayer | Updating Images | Loading 0000000181.png
Fra:74 Mem:1082.95M (Peak 1961.96M) | Time:00:01.93 | Mem:395.44M, Peak:395.44M | Scene, RenderLayer | Updating Images | Loading 0000000150.png
Fra:74 Mem:1082.95M (Peak 1961.96M) | Time:00:01.93 | Mem:395.44M, Peak:395.44M | Scene, RenderLayer | Updating Images | Loading 0000000169.png
Fra:74 Mem:1082.95M (Peak 1961.96M) | Time:00:01.93 | Mem:395.44M, Peak:395.44M | Scene, RenderLayer | Updating Images | Loading 0000000149.png
Fra:74 Mem:1082.95M (Peak 1961.96M) | Time:00:01.93 | Mem:395.44M, Peak:395.44M | Scene, RenderLayer | Updating Images | Loading 0000000148.png
Fra:74 Mem:1082.95M (Peak 1961.96M) | Time:00:01.93 | Mem:395.44M, Peak:395.44M | Scene, RenderLayer | Updating Images | Loading 0000000147.png
Fra:74 Mem:1082.95M (Peak 1961.96M) | Time:00:01.93 | Mem:395.44M, Peak:395.44M | Scene, RenderLayer | Updating Images | Loading 0000000146.png
Fra:74 Mem:1082.95M (Peak 1961.96M) | Time:00:01.93 | Mem:395.44M, Peak:395.44M | Scene, RenderLayer | Updating Images | Loading 0000000145.png
Fra:74 Mem:1082.95M (Peak 1961.96M) | Time:00:01.93 | Mem:395.44M, Peak:395.44M | Scene, RenderLayer | Updating Images | Loading 0000000144.png
Fra:74 Mem:1082.95M (Peak 1961.96M) | Time:00:01.93 | Mem:395.44M, Peak:395.44M | Scene, RenderLayer | Updating Images | Loading 0000000143.png
Fra:74 Mem:1082.95M (Peak 1961.96M) | Time:00:01.93 | Mem:395.44M, Peak:395.44M | Scene, RenderLayer | Updating Images | Loading 0000000170.png
Fra:74 Mem:1082.95M (Peak 1961.96M) | Time:00:01.93 | Mem:395.44M, Peak:395.44M | Scene, RenderLayer | Updating Images | Loading 0000000142.png
Fra:74 Mem:1082.95M (Peak 1961.96M) | Time:00:01.93 | Mem:395.44M, Peak:395.44M | Scene, RenderLayer | Updating Images | Loading 0000000141.png
Fra:74 Mem:1082.95M (Peak 1961.96M) | Time:00:01.93 | Mem:395.44M, Peak:395.44M | Scene, RenderLayer | Updating Images | Loading 0000000140.png
Fra:74 Mem:1082.95M (Peak 1961.96M) | Time:00:01.93 | Mem:395.44M, Peak:395.44M | Scene, RenderLayer | Updating Images | Loading 0000000139.png
Fra:74 Mem:1082.95M (Peak 1961.96M) | Time:00:01.93 | Mem:395.44M, Peak:395.44M | Scene, RenderLayer | Updating Images | Loading 0000000138.png
Fra:74 Mem:1082.95M (Peak 1961.96M) | Time:00:01.93 | Mem:395.44M, Peak:395.44M | Scene, RenderLayer | Updating Images | Loading 0000000137.png
Fra:74 Mem:1082.95M (Peak 1961.96M) | Time:00:01.93 | Mem:395.44M, Peak:395.44M | Scene, RenderLayer | Updating Images | Loading 0000000136.png
Fra:74 Mem:1082.95M (Peak 1961.96M) | Time:00:01.93 | Mem:395.44M, Peak:395.44M | Scene, RenderLayer | Updating Images | Loading 0000000171.png
Fra:74 Mem:1082.95M (Peak 1961.96M) | Time:00:01.93 | Mem:395.44M, Peak:395.44M | Scene, RenderLayer | Updating Images | Loading 0000000135.png
Fra:74 Mem:1082.95M (Peak 1961.96M) | Time:00:01.93 | Mem:395.44M, Peak:395.44M | Scene, RenderLayer | Updating Images | Loading 0000000134.png
Fra:74 Mem:1082.95M (Peak 1961.96M) | Time:00:01.93 | Mem:395.44M, Peak:395.44M | Scene, RenderLayer | Updating Images | Loading 0000000133.png
Fra:74 Mem:1082.95M (Peak 1961.96M) | Time:00:01.93 | Mem:395.44M, Peak:395.44M | Scene, RenderLayer | Updating Images | Loading 0000000132.png
Fra:74 Mem:1082.95M (Peak 1961.96M) | Time:00:01.93 | Mem:395.44M, Peak:395.44M | Scene, RenderLayer | Updating Images | Loading 0000000131.png
Fra:74 Mem:1082.95M (Peak 1961.96M) | Time:00:01.93 | Mem:395.44M, Peak:395.44M | Scene, RenderLayer | Updating Images | Loading 0000000130.png
Fra:74 Mem:1082.95M (Peak 1961.96M) | Time:00:01.93 | Mem:395.44M, Peak:395.44M | Scene, RenderLayer | Updating Images | Loading 0000000129.png
Fra:74 Mem:1082.95M (Peak 1961.96M) | Time:00:01.93 | Mem:395.44M, Peak:395.44M | Scene, RenderLayer | Updating Images | Loading 0000000172.png
Fra:74 Mem:1082.95M (Peak 1961.96M) | Time:00:01.93 | Mem:395.44M, Peak:395.44M | Scene, RenderLayer | Updating Images | Loading 0000000128.png
Fra:74 Mem:1082.95M (Peak 1961.96M) | Time:00:01.93 | Mem:395.44M, Peak:395.44M | Scene, RenderLayer | Updating Images | Loading 0000000127.png
Fra:74 Mem:1082.95M (Peak 1961.96M) | Time:00:01.93 | Mem:395.44M, Peak:395.44M | Scene, RenderLayer | Updating Images | Loading 0000000126.png
Fra:74 Mem:1082.95M (Peak 1961.96M) | Time:00:01.93 | Mem:395.44M, Peak:395.44M | Scene, RenderLayer | Updating Images | Loading 0000000125.png
Fra:74 Mem:1082.95M (Peak 1961.96M) | Time:00:01.93 | Mem:395.44M, Peak:395.44M | Scene, RenderLayer | Updating Images | Loading 0000000123.png
Fra:74 Mem:1082.95M (Peak 1961.96M) | Time:00:01.93 | Mem:395.44M, Peak:395.44M | Scene, RenderLayer | Updating Images | Loading 0000000124.png
Fra:74 Mem:1082.95M (Peak 1961.96M) | Time:00:01.93 | Mem:395.44M, Peak:395.44M | Scene, RenderLayer | Updating Images | Loading 0000000122.png
Fra:74 Mem:1082.95M (Peak 1961.96M) | Time:00:01.93 | Mem:395.44M, Peak:395.44M | Scene, RenderLayer | Updating Images | Loading 0000000173.png
Fra:74 Mem:1082.95M (Peak 1961.96M) | Time:00:01.93 | Mem:395.44M, Peak:395.44M | Scene, RenderLayer | Updating Images | Loading 0000000121.png
Fra:74 Mem:1082.95M (Peak 1961.96M) | Time:00:01.93 | Mem:395.44M, Peak:395.44M | Scene, RenderLayer | Updating Images | Loading 0000000120.png
Fra:74 Mem:1082.95M (Peak 1961.96M) | Time:00:01.93 | Mem:395.44M, Peak:395.44M | Scene, RenderLayer | Updating Images | Loading 0000000119.png
Fra:74 Mem:1082.95M (Peak 1961.96M) | Time:00:01.93 | Mem:395.44M, Peak:395.44M | Scene, RenderLayer | Updating Images | Loading 0000000118.png
Fra:74 Mem:1082.95M (Peak 1961.96M) | Time:00:01.93 | Mem:395.44M, Peak:395.44M | Scene, RenderLayer | Updating Images | Loading 0000000117.png
Fra:74 Mem:1082.95M (Peak 1961.96M) | Time:00:01.93 | Mem:395.44M, Peak:395.44M | Scene, RenderLayer | Updating Images | Loading 0000000116.png
Fra:74 Mem:1082.95M (Peak 1961.96M) | Time:00:01.93 | Mem:395.44M, Peak:395.44M | Scene, RenderLayer | Updating Images | Loading 0000000115.png
Fra:74 Mem:1082.95M (Peak 1961.96M) | Time:00:01.93 | Mem:395.44M, Peak:395.44M | Scene, RenderLayer | Updating Images | Loading 0000000174.png
Fra:74 Mem:1082.95M (Peak 1961.96M) | Time:00:01.93 | Mem:395.44M, Peak:395.44M | Scene, RenderLayer | Updating Images | Loading 0000000114.png
Fra:74 Mem:1082.95M (Peak 1961.96M) | Time:00:01.93 | Mem:395.44M, Peak:395.44M | Scene, RenderLayer | Updating Images | Loading 0000000113.png
Fra:74 Mem:1082.95M (Peak 1961.96M) | Time:00:01.93 | Mem:395.44M, Peak:395.44M | Scene, RenderLayer | Updating Images | Loading 0000000112.png
Fra:74 Mem:1082.95M (Peak 1961.96M) | Time:00:01.93 | Mem:395.44M, Peak:395.44M | Scene, RenderLayer | Updating Images | Loading 0000000111.png
Fra:74 Mem:1082.95M (Peak 1961.96M) | Time:00:01.93 | Mem:395.44M, Peak:395.44M | Scene, RenderLayer | Updating Images | Loading 0000000110.png
Fra:74 Mem:1082.95M (Peak 1961.96M) | Time:00:01.93 | Mem:395.44M, Peak:395.44M | Scene, RenderLayer | Updating Images | Loading 0000000109.png
Fra:74 Mem:1082.95M (Peak 1961.96M) | Time:00:01.93 | Mem:395.44M, Peak:395.44M | Scene, RenderLayer | Updating Images | Loading 0000000175.png
Fra:74 Mem:1082.95M (Peak 1961.96M) | Time:00:01.93 | Mem:395.44M, Peak:395.44M | Scene, RenderLayer | Updating Images | Loading 0000000108.png
Fra:74 Mem:1082.95M (Peak 1961.96M) | Time:00:01.93 | Mem:395.44M, Peak:395.44M | Scene, RenderLayer | Updating Images | Loading 0000000107.png
Fra:74 Mem:1082.95M (Peak 1961.96M) | Time:00:01.93 | Mem:395.44M, Peak:395.44M | Scene, RenderLayer | Updating Images | Loading 0000000106.png
Fra:74 Mem:1082.95M (Peak 1961.96M) | Time:00:01.93 | Mem:395.44M, Peak:395.44M | Scene, RenderLayer | Updating Images | Loading 0000000105.png
Fra:74 Mem:1082.95M (Peak 1961.96M) | Time:00:01.93 | Mem:395.44M, Peak:395.44M | Scene, RenderLayer | Updating Images | Loading 0000000104.png
Fra:74 Mem:1082.95M (Peak 1961.96M) | Time:00:01.93 | Mem:395.44M, Peak:395.44M | Scene, RenderLayer | Updating Images | Loading 0000000103.png
Fra:74 Mem:1082.95M (Peak 1961.96M) | Time:00:01.93 | Mem:395.44M, Peak:395.44M | Scene, RenderLayer | Updating Images | Loading 0000000102.png
Fra:74 Mem:1082.95M (Peak 1961.96M) | Time:00:01.93 | Mem:395.44M, Peak:395.44M | Scene, RenderLayer | Updating Images | Loading 0000000176.png
Fra:74 Mem:1082.95M (Peak 1961.96M) | Time:00:01.93 | Mem:395.44M, Peak:395.44M | Scene, RenderLayer | Updating Images | Loading 0000000101.png
Fra:74 Mem:1082.95M (Peak 1961.96M) | Time:00:01.93 | Mem:395.44M, Peak:395.44M | Scene, RenderLayer | Updating Images | Loading 0000000100.png
Fra:74 Mem:1082.95M (Peak 1961.96M) | Time:00:01.93 | Mem:395.44M, Peak:395.44M | Scene, RenderLayer | Updating Images | Loading 0000000099.png
Fra:74 Mem:1082.95M (Peak 1961.96M) | Time:00:01.93 | Mem:395.44M, Peak:395.44M | Scene, RenderLayer | Updating Images | Loading 0000000098.png
Fra:74 Mem:1082.95M (Peak 1961.96M) | Time:00:01.93 | Mem:395.44M, Peak:395.44M | Scene, RenderLayer | Updating Images | Loading 0000000097.png
Fra:74 Mem:1082.95M (Peak 1961.96M) | Time:00:01.93 | Mem:395.44M, Peak:395.44M | Scene, RenderLayer | Updating Images | Loading 0000000096.png
Fra:74 Mem:1082.95M (Peak 1961.96M) | Time:00:01.93 | Mem:395.44M, Peak:395.44M | Scene, RenderLayer | Updating Images | Loading 0000000095.png
Fra:74 Mem:1082.95M (Peak 1961.96M) | Time:00:01.93 | Mem:395.44M, Peak:395.44M | Scene, RenderLayer | Updating Images | Loading 0000000177.png
Fra:74 Mem:1082.95M (Peak 1961.96M) | Time:00:01.93 | Mem:395.44M, Peak:395.44M | Scene, RenderLayer | Updating Images | Loading 0000000094.png
Fra:74 Mem:1082.95M (Peak 1961.96M) | Time:00:01.93 | Mem:395.44M, Peak:395.44M | Scene, RenderLayer | Updating Images | Loading 0000000093.png
Fra:74 Mem:1082.95M (Peak 1961.96M) | Time:00:01.93 | Mem:395.44M, Peak:395.44M | Scene, RenderLayer | Updating Images | Loading 0000000092.png
Fra:74 Mem:1082.95M (Peak 1961.96M) | Time:00:01.93 | Mem:395.44M, Peak:395.44M | Scene, RenderLayer | Updating Images | Loading 0000000091.png
Fra:74 Mem:1082.95M (Peak 1961.96M) | Time:00:01.93 | Mem:395.44M, Peak:395.44M | Scene, RenderLayer | Updating Images | Loading 0000000090.png
Fra:74 Mem:1082.95M (Peak 1961.96M) | Time:00:01.93 | Mem:395.44M, Peak:395.44M | Scene, RenderLayer | Updating Images | Loading 0000000089.png
Fra:74 Mem:1082.95M (Peak 1961.96M) | Time:00:01.93 | Mem:395.44M, Peak:395.44M | Scene, RenderLayer | Updating Images | Loading 0000000088.png
Fra:74 Mem:1082.95M (Peak 1961.96M) | Time:00:01.93 | Mem:395.44M, Peak:395.44M | Scene, RenderLayer | Updating Images | Loading 0000000178.png
Fra:74 Mem:1082.95M (Peak 1961.96M) | Time:00:01.93 | Mem:395.44M, Peak:395.44M | Scene, RenderLayer | Updating Images | Loading 0000000087.png
Fra:74 Mem:1082.95M (Peak 1961.96M) | Time:00:01.93 | Mem:395.44M, Peak:395.44M | Scene, RenderLayer | Updating Images | Loading 0000000086.png
Fra:74 Mem:1082.95M (Peak 1961.96M) | Time:00:01.93 | Mem:395.44M, Peak:395.44M | Scene, RenderLayer | Updating Images | Loading 0000000085.png
Fra:74 Mem:1082.95M (Peak 1961.96M) | Time:00:01.93 | Mem:395.44M, Peak:395.44M | Scene, RenderLayer | Updating Images | Loading 0000000084.png
Fra:74 Mem:1082.95M (Peak 1961.96M) | Time:00:01.93 | Mem:395.44M, Peak:395.44M | Scene, RenderLayer | Updating Images | Loading 0000000083.png
Fra:74 Mem:1082.95M (Peak 1961.96M) | Time:00:01.93 | Mem:395.44M, Peak:395.44M | Scene, RenderLayer | Updating Images | Loading 0000000082.png
Fra:74 Mem:1082.95M (Peak 1961.96M) | Time:00:01.93 | Mem:395.44M, Peak:395.44M | Scene, RenderLayer | Updating Images | Loading 0000000179.png
Fra:74 Mem:1082.95M (Peak 1961.96M) | Time:00:01.93 | Mem:395.44M, Peak:395.44M | Scene, RenderLayer | Updating Images | Loading 0000000081.png
Fra:74 Mem:1082.95M (Peak 1961.96M) | Time:00:01.93 | Mem:395.44M, Peak:395.44M | Scene, RenderLayer | Updating Images | Loading 0000000080.png
Fra:74 Mem:1082.95M (Peak 1961.96M) | Time:00:01.93 | Mem:395.44M, Peak:395.44M | Scene, RenderLayer | Updating Images | Loading 0000000079.png
Fra:74 Mem:1082.95M (Peak 1961.96M) | Time:00:01.93 | Mem:395.44M, Peak:395.44M | Scene, RenderLayer | Updating Images | Loading 0000000078.png
Fra:74 Mem:1082.95M (Peak 1961.96M) | Time:00:01.93 | Mem:395.44M, Peak:395.44M | Scene, RenderLayer | Updating Images | Loading 0000000077.png
Fra:74 Mem:1082.95M (Peak 1961.96M) | Time:00:01.93 | Mem:395.44M, Peak:395.44M | Scene, RenderLayer | Updating Images | Loading 0000000076.png
Fra:74 Mem:1082.95M (Peak 1961.96M) | Time:00:01.93 | Mem:395.44M, Peak:395.44M | Scene, RenderLayer | Updating Images | Loading 0000000075.png
Fra:74 Mem:1082.95M (Peak 1961.96M) | Time:00:01.93 | Mem:395.44M, Peak:395.44M | Scene, RenderLayer | Updating Images | Loading 0000000180.png
Fra:74 Mem:1082.95M (Peak 1961.96M) | Time:00:01.93 | Mem:395.44M, Peak:395.44M | Scene, RenderLayer | Updating Images | Loading 0000000074.png
Fra:74 Mem:1082.95M (Peak 1961.96M) | Time:00:01.93 | Mem:395.44M, Peak:395.44M | Scene, RenderLayer | Updating Images | Loading 0000000073.png
Fra:74 Mem:1082.95M (Peak 1961.96M) | Time:00:01.93 | Mem:395.44M, Peak:395.44M | Scene, RenderLayer | Updating Images | Loading 0000000072.png
Fra:74 Mem:1082.95M (Peak 1961.96M) | Time:00:01.93 | Mem:395.44M, Peak:395.44M | Scene, RenderLayer | Updating Images | Loading 0000000071.png
Fra:74 Mem:1082.95M (Peak 1961.96M) | Time:00:01.93 | Mem:395.44M, Peak:395.44M | Scene, RenderLayer | Updating Images | Loading 0000000070.png
Fra:74 Mem:1082.95M (Peak 1961.96M) | Time:00:01.93 | Mem:395.44M, Peak:395.44M | Scene, RenderLayer | Updating Images | Loading 0000000069.png
Fra:74 Mem:1082.95M (Peak 1961.96M) | Time:00:01.94 | Mem:395.44M, Peak:395.44M | Scene, RenderLayer | Updating Camera Volume
Fra:74 Mem:1082.95M (Peak 1961.96M) | Time:00:01.94 | Mem:395.44M, Peak:395.44M | Scene, RenderLayer | Updating Lookup Tables
Fra:74 Mem:1082.95M (Peak 1961.96M) | Time:00:01.94 | Mem:395.69M, Peak:395.69M | Scene, RenderLayer | Updating Lights
Fra:74 Mem:1082.95M (Peak 1961.96M) | Time:00:01.94 | Mem:395.69M, Peak:395.69M | Scene, RenderLayer | Updating Lights | Computing distribution
Fra:74 Mem:1086.71M (Peak 1961.96M) | Time:00:01.97 | Mem:399.44M, Peak:399.44M | Scene, RenderLayer | Updating Integrator
Fra:74 Mem:1087.21M (Peak 1961.96M) | Time:00:01.97 | Mem:399.94M, Peak:399.94M | Scene, RenderLayer | Updating Film
Fra:74 Mem:1087.21M (Peak 1961.96M) | Time:00:01.97 | Mem:399.69M, Peak:399.94M | Scene, RenderLayer | Updating Lookup Tables
Fra:74 Mem:1087.21M (Peak 1961.96M) | Time:00:01.97 | Mem:399.95M, Peak:399.95M | Scene, RenderLayer | Updating Baking
Fra:74 Mem:1087.21M (Peak 1961.96M) | Time:00:01.97 | Mem:399.95M, Peak:399.95M | Scene, RenderLayer | Updating Device | Writing constant memory
Fra:74 Mem:1087.22M (Peak 1961.96M) | Time:00:01.97 | Mem:399.95M, Peak:399.95M | Scene, RenderLayer | Sample 0/128
Fra:74 Mem:1096.13M (Peak 1961.96M) | Time:00:02.01 | Remaining:00:05.34 | Mem:408.86M, Peak:408.86M | Scene, RenderLayer | Sample 1/128
Fra:74 Mem:1105.01M (Peak 1961.96M) | Time:00:08.48 | Mem:408.86M, Peak:408.86M | Scene, RenderLayer | Sample 128/128
Fra:74 Mem:1105.01M (Peak 1961.96M) | Time:00:08.48 | Mem:408.86M, Peak:408.86M | Scene, RenderLayer | Finished
hed
, RenderLayer | Sample 0/128
Fra:74 Mem:1096.13M (Peak 1949.04M) | Time:00:02.85 | Remaining:00:04.31 | Mem:408.86M, Peak:408.86M | Scene, RenderLayer | Sample 1/128
Fra:74 Mem:1105.01M (Peak 1949.04M) | Time:00:07.57 | Mem:408.86M, Peak:408.86M | Scene, RenderLayer | Sample 128/128
Fra:74 Mem:1105.01M (Peak 1949.04M) | Time:00:07.57 | Mem:408.86M, Peak:408.86M | Scene, RenderLayer | Finished
m:1087.22M (Peak 1977.68M) | Time:00:02.20 | Mem:395.95M, Peak:395.95M | Scene, RenderLayer | Sample 0/128
Fra:74 Mem:1096.13M (Peak 1977.68M) | Time:00:02.25 | Remaining:00:06.82 | Mem:404.86M, Peak:404.86M | Scene, RenderLayer | Sample 1/128
Fra:74 Mem:1105.01M (Peak 1977.68M) | Time:00:08.75 | Mem:404.86M, Peak:404.86M | Scene, RenderLayer | Sample 128/128
Fra:74 Mem:1105.01M (Peak 1977.68M) | Time:00:08.75 | Mem:404.86M, Peak:404.86M | Scene, RenderLayer | Finished
 Sample 128/128
Fra:74 Mem:1105.01M (Peak 1962.08M) | Time:00:06.23 | Mem:406.86M, Peak:406.86M | Scene, RenderLayer | Finished
 128/128
Fra:74 Mem:1105.01M (Peak 1966.91M) | Time:00:07.38 | Mem:404.86M, Peak:404.86M | Scene, RenderLayer | Finished
 | Sample 128/128
Fra:74 Mem:1105.01M (Peak 1833.93M) | Time:00:09.11 | Mem:390.86M, Peak:390.86M | Scene, RenderLayer | Finished
, Peak:388.86M | Scene, RenderLayer | Sample 128/128
Fra:74 Mem:1105.01M (Peak 1963.66M) | Time:00:07.21 | Mem:388.86M, Peak:388.86M | Scene, RenderLayer | Finished
me:00:10.22 | Mem:404.86M, Peak:404.86M | Scene, RenderLayer | Finished
